<?xml version="1.0" encoding="UTF-8"?>
<testng-results ignored="0" total="1" passed="1" failed="0" skipped="0">
  <reporter-output>
  </reporter-output>
  <suite started-at="2026-08-18T11:58:51 IST" name="Default suite" finished-at="2026-08-18T11:58:52 IST" duration-ms="619">
    <groups>
    </groups>
    <test started-at="2026-08-18T11:58:51 IST" name="Default test" finished-at="2026-08-18T11:58:52 IST" duration-ms="619">
      <class name="Coding_Practice.Java_Coding_Practice.Read_Excel_Data">
        <test-method signature="readexceldata()[pri:0, instance:Coding_Practice.Java_Coding_Practice.Read_Excel_Data@4ec4f3a0]" started-at="2026-08-18T11:58:51 IST" name="readexceldata" finished-at="2026-08-18T11:58:52 IST" duration-ms="587" status="PASS">
          <reporter-output>
          </reporter-output>
        </test-method> <!-- readexceldata -->
      </class> <!-- Coding_Practice.Java_Coding_Practice.Read_Excel_Data -->
    </test> <!-- Default test -->
  </suite> <!-- Default suite -->
</testng-results>
