<?xml version="1.0" encoding="UTF-8"?>
<testng-results ignored="0" total="1" passed="1" failed="0" skipped="0">
  <reporter-output>
  </reporter-output>
  <suite started-at="2026-08-01T10:13:20 IST" name="Default suite" finished-at="2026-08-01T10:13:20 IST" duration-ms="66">
    <groups>
    </groups>
    <test started-at="2026-08-01T10:13:20 IST" name="Default test" finished-at="2026-08-01T10:13:20 IST" duration-ms="66">
      <class name="Coding_Practice.Java_Coding_Practice.Find_First_Non_Repeating_character">
        <test-method signature="Occurenceofeachcharacter()[pri:0, instance:Coding_Practice.Java_Coding_Practice.Find_First_Non_Repeating_character@57a3af25]" started-at="2026-08-01T10:13:20 IST" name="Occurenceofeachcharacter" finished-at="2026-08-01T10:13:20 IST" duration-ms="22" status="PASS">
          <reporter-output>
          </reporter-output>
        </test-method> <!-- Occurenceofeachcharacter -->
      </class> <!-- Coding_Practice.Java_Coding_Practice.Find_First_Non_Repeating_character -->
    </test> <!-- Default test -->
  </suite> <!-- Default suite -->
</testng-results>
