<?xml version="1.0" encoding="UTF-8"?>
<!-- Generated by org.testng.reporters.JUnitReportReporter -->
<testsuite hostname="BHUSHGOS01" failures="0" tests="1" name="Coding_Practice.Java_Coding_Practice.Occurence_or_Frequency_of_Each_Character_and_Word" time="0.015" errors="0" timestamp="2026-07-07T17:33:03 IST" skipped="0">
  <testcase classname="Coding_Practice.Java_Coding_Practice.Occurence_or_Frequency_of_Each_Character_and_Word" name="Occurenceofeachcharacter" time="0.015"/>
</testsuite> <!-- Coding_Practice.Java_Coding_Practice.Occurence_or_Frequency_of_Each_Character_and_Word -->
