<?xml version="1.0" encoding="UTF-8"?>
<!-- Generated by org.testng.reporters.JUnitReportReporter -->
<testsuite hostname="BHUSHGOS01" failures="0" tests="1" name="Coding_Practice.Java_Coding_Practice.Print_Only_Even_Words_From_String" time="0.009" errors="0" timestamp="2026-07-06T16:45:40 IST" skipped="0">
  <testcase classname="Coding_Practice.Java_Coding_Practice.Print_Only_Even_Words_From_String" name="Evenwords" time="0.009"/>
</testsuite> <!-- Coding_Practice.Java_Coding_Practice.Print_Only_Even_Words_From_String -->
