<?xml version="1.0" encoding="UTF-8"?>
<!-- Generated by org.testng.reporters.JUnitReportReporter -->
<testsuite hostname="BHUSHGOS01" failures="0" tests="1" name="Coding_Practice.Java_Coding_Practice.Program_to_Swap_Two_Numbers" time="0.007" errors="0" timestamp="2026-06-14T10:22:59 IST" skipped="0">
  <testcase classname="Coding_Practice.Java_Coding_Practice.Program_to_Swap_Two_Numbers" name="Swap_Using_Math_Oper" time="0.007"/>
</testsuite> <!-- Coding_Practice.Java_Coding_Practice.Program_to_Swap_Two_Numbers -->
