<?xml version="1.0" encoding="UTF-8"?>
<!-- Generated by org.testng.reporters.JUnitReportReporter -->
<testsuite hostname="BHUSHGOS01" failures="0" tests="1" name="Coding_Practice.Java_Coding_Practice.Find_common_elements_or_intersection_between_two_arrays" time="0.009" errors="0" timestamp="2026-07-23T13:43:10 IST" skipped="0">
  <testcase classname="Coding_Practice.Java_Coding_Practice.Find_common_elements_or_intersection_between_two_arrays" name="main2" time="0.009"/>
</testsuite> <!-- Coding_Practice.Java_Coding_Practice.Find_common_elements_or_intersection_between_two_arrays -->
