<?xml version="1.0" encoding="UTF-8"?>
<!-- Generated by org.testng.reporters.JUnitReportReporter -->
<testsuite hostname="BHUSHGOS01" failures="0" tests="1" name="Coding_Practice.Java_Coding_Practice.Find_only_UniqueChar_from_String" time="0.012" errors="0" timestamp="2026-07-07T19:42:25 IST" skipped="0">
  <testcase classname="Coding_Practice.Java_Coding_Practice.Find_only_UniqueChar_from_String" name="Occurenceofeachcharacter" time="0.012"/>
</testsuite> <!-- Coding_Practice.Java_Coding_Practice.Find_only_UniqueChar_from_String -->
