<?xml version="1.0" encoding="UTF-8"?>
<!-- Generated by org.testng.reporters.JUnitReportReporter -->
<testsuite hostname="BHUSHGOS01" failures="0" tests="1" name="Coding_Practice.Java_Coding_Practice.Find_Largestand_Smallest_Element_In_Array" time="0.009" errors="0" timestamp="2026-07-15T01:38:58 IST" skipped="0">
  <testcase classname="Coding_Practice.Java_Coding_Practice.Find_Largestand_Smallest_Element_In_Array" name="LargestandSmallestElement" time="0.009"/>
</testsuite> <!-- Coding_Practice.Java_Coding_Practice.Find_Largestand_Smallest_Element_In_Array -->
