<?xml version="1.0" encoding="UTF-8"?>
<!-- Generated by org.testng.reporters.JUnitReportReporter -->
<testsuite hostname="BHUSHGOS01" failures="0" tests="1" name="Coding_Practice.Java_Coding_Practice.Pyramid$PyramidTest" time="0.002" errors="0" timestamp="2026-03-15T20:02:36 IST" skipped="0">
  <testcase classname="Coding_Practice.Java_Coding_Practice.Pyramid$PyramidTest" name="pyramidRepeatRowNumber" time="0.002"/>
</testsuite> <!-- Coding_Practice.Java_Coding_Practice.Pyramid$PyramidTest -->
