<?xml version="1.0" encoding="UTF-8"?>
<!-- Generated by org.testng.reporters.JUnitReportReporter -->
<testsuite hostname="BHUSHGOS01" failures="0" tests="1" name="Coding_Practice.Java_Coding_Practice.Find_First_Non_Repeating_character" time="0.022" errors="0" timestamp="2026-08-01T10:13:20 IST" skipped="0">
  <testcase classname="Coding_Practice.Java_Coding_Practice.Find_First_Non_Repeating_character" name="Occurenceofeachcharacter" time="0.022"/>
</testsuite> <!-- Coding_Practice.Java_Coding_Practice.Find_First_Non_Repeating_character -->
