<?xml version="1.0" encoding="UTF-8"?>
<!-- Generated by org.testng.reporters.JUnitReportReporter -->
<testsuite hostname="BHUSHGOS01" failures="0" tests="1" name="Coding_Practice.Java_Coding_Practice.Find_duplicates_in_String_and_Array" time="0.009" errors="0" timestamp="2026-08-01T09:59:36 IST" skipped="0">
  <testcase classname="Coding_Practice.Java_Coding_Practice.Find_duplicates_in_String_and_Array" name="Find_Duplicate_In_Array" time="0.009"/>
</testsuite> <!-- Coding_Practice.Java_Coding_Practice.Find_duplicates_in_String_and_Array -->
