<?xml version="1.0" encoding="UTF-8"?>
<!-- Generated by org.testng.reporters.JUnitReportReporter -->
<testsuite hostname="BHUSHGOS01" failures="0" tests="1" name="Coding_Practice.Java_Coding_Practice.Second_largestValue_From_Array" time="0.010" errors="0" timestamp="2026-07-06T14:58:55 IST" skipped="0">
  <testcase classname="Coding_Practice.Java_Coding_Practice.Second_largestValue_From_Array" name="second_Largest_Number_withoutSOrt" time="0.010"/>
</testsuite> <!-- Coding_Practice.Java_Coding_Practice.Second_largestValue_From_Array -->
