<?xml version="1.0" encoding="UTF-8"?>
<!-- Generated by org.testng.reporters.JUnitReportReporter -->
<testsuite hostname="BHUSHGOS01" failures="0" tests="1" name="Coding_Practice.Java_Coding_Practice.Reverse_Only_Letters_In_String" time="0.010" errors="0" timestamp="2026-07-06T19:58:50 IST" skipped="0">
  <testcase classname="Coding_Practice.Java_Coding_Practice.Reverse_Only_Letters_In_String" name="Reverse_Only_Letters" time="0.010"/>
</testsuite> <!-- Coding_Practice.Java_Coding_Practice.Reverse_Only_Letters_In_String -->
