<?xml version="1.0" encoding="UTF-8"?>
<!-- Generated by org.testng.reporters.JUnitReportReporter -->
<testsuite hostname="BHUSHGOS01" failures="0" tests="1" name="Coding_Practice.Java_Coding_Practice.Find_Lenght_of_Last_Word" time="0.011" errors="0" timestamp="2026-07-18T13:00:43 IST" skipped="0">
  <testcase classname="Coding_Practice.Java_Coding_Practice.Find_Lenght_of_Last_Word" name="lengthoflastword" time="0.011"/>
</testsuite> <!-- Coding_Practice.Java_Coding_Practice.Find_Lenght_of_Last_Word -->
