<?xml version="1.0" encoding="UTF-8"?>
<!-- Generated by org.testng.reporters.JUnitReportReporter -->
<testsuite hostname="BHUSHGOS01" failures="0" tests="1" name="Coding_Practice.Java_Coding_Practice.Find_Missing_Number_from_Array" time="0.010" errors="0" timestamp="2026-07-06T16:06:51 IST" skipped="0">
  <testcase classname="Coding_Practice.Java_Coding_Practice.Find_Missing_Number_from_Array" name="missingnumber_from_array" time="0.010"/>
</testsuite> <!-- Coding_Practice.Java_Coding_Practice.Find_Missing_Number_from_Array -->
