<?xml version="1.0" encoding="UTF-8"?>
<!-- Generated by org.testng.reporters.JUnitReportReporter -->
<testsuite hostname="BHUSHGOS01" failures="0" tests="1" name="Coding_Practice.Java_Coding_Practice.Remove_duplicates_in_String" time="0.015" errors="0" timestamp="2026-06-14T15:05:37 IST" skipped="0">
  <testcase classname="Coding_Practice.Java_Coding_Practice.Remove_duplicates_in_String" name="Remove_Duplicate_fromArray" time="0.015"/>
</testsuite> <!-- Coding_Practice.Java_Coding_Practice.Remove_duplicates_in_String -->
