<?xml version="1.0" encoding="UTF-8"?>
<!-- Generated by org.testng.reporters.JUnitReportReporter -->
<testsuite hostname="BHUSHGOS01" failures="0" tests="1" name="Coding_Practice.Java_Coding_Practice.Remove_duplicates_in_String_and_Array" time="0.010" errors="0" timestamp="2026-07-04T00:25:30 IST" skipped="0">
  <testcase classname="Coding_Practice.Java_Coding_Practice.Remove_duplicates_in_String_and_Array" name="Remove_Duplicate_fromArray" time="0.010"/>
</testsuite> <!-- Coding_Practice.Java_Coding_Practice.Remove_duplicates_in_String_and_Array -->
